<?xml version="1.0" encoding="UTF-8"?>
<coverage generated="1744932192218" clover="3.2.0">
  <project timestamp="1744932192219" name="All files">
    <metrics statements="187" coveredstatements="175" conditionals="148" coveredconditionals="116" methods="44" coveredmethods="35" elements="379" coveredelements="326" complexity="0" loc="187" ncloc="187" packages="1" files="7" classes="7"/>
    <file name="AddClimbForm.jsx" path="C:\Users\Doug Lopez\CascadeProjects\climb-gym-log\frontend\src\AddClimbForm.jsx">
      <metrics statements="21" coveredstatements="21" conditionals="10" coveredconditionals="9" methods="5" coveredmethods="4"/>
      <line num="4" count="14" type="stmt"/>
      <line num="5" count="14" type="stmt"/>
      <line num="6" count="14" type="stmt"/>
      <line num="7" count="14" type="stmt"/>
      <line num="8" count="14" type="stmt"/>
      <line num="10" count="14" type="stmt"/>
      <line num="11" count="3" type="stmt"/>
      <line num="12" count="3" type="stmt"/>
      <line num="13" count="3" type="stmt"/>
      <line num="14" count="3" type="stmt"/>
      <line num="15" count="3" type="stmt"/>
      <line num="16" count="3" type="stmt"/>
      <line num="17" count="2" type="stmt"/>
      <line num="18" count="2" type="stmt"/>
      <line num="19" count="2" type="stmt"/>
      <line num="20" count="2" type="stmt"/>
      <line num="22" count="1" type="cond" truecount="1" falsecount="1"/>
      <line num="24" count="3" type="stmt"/>
      <line num="28" count="14" type="stmt"/>
      <line num="30" count="3" type="stmt"/>
      <line num="31" count="1" type="stmt"/>
    </file>
    <file name="AddGymForm.jsx" path="C:\Users\Doug Lopez\CascadeProjects\climb-gym-log\frontend\src\AddGymForm.jsx">
      <metrics statements="18" coveredstatements="18" conditionals="10" coveredconditionals="9" methods="4" coveredmethods="3"/>
      <line num="4" count="13" type="stmt"/>
      <line num="5" count="13" type="stmt"/>
      <line num="6" count="13" type="stmt"/>
      <line num="7" count="13" type="stmt"/>
      <line num="9" count="13" type="stmt"/>
      <line num="10" count="3" type="stmt"/>
      <line num="11" count="3" type="stmt"/>
      <line num="12" count="3" type="stmt"/>
      <line num="13" count="3" type="stmt"/>
      <line num="14" count="3" type="stmt"/>
      <line num="15" count="3" type="stmt"/>
      <line num="16" count="2" type="stmt"/>
      <line num="17" count="2" type="stmt"/>
      <line num="18" count="2" type="stmt"/>
      <line num="20" count="1" type="cond" truecount="1" falsecount="1"/>
      <line num="22" count="3" type="stmt"/>
      <line num="27" count="13" type="stmt"/>
      <line num="29" count="3" type="stmt"/>
    </file>
    <file name="AscentLog.jsx" path="C:\Users\Doug Lopez\CascadeProjects\climb-gym-log\frontend\src\AscentLog.jsx">
      <metrics statements="40" coveredstatements="36" conditionals="20" coveredconditionals="15" methods="8" coveredmethods="7"/>
      <line num="12" count="55" type="stmt"/>
      <line num="13" count="55" type="stmt"/>
      <line num="14" count="55" type="stmt"/>
      <line num="15" count="55" type="stmt"/>
      <line num="16" count="55" type="stmt"/>
      <line num="17" count="55" type="stmt"/>
      <line num="18" count="55" type="stmt"/>
      <line num="20" count="55" type="stmt"/>
      <line num="21" count="15" type="cond" truecount="1" falsecount="1"/>
      <line num="26" count="17" type="stmt"/>
      <line num="27" count="17" type="stmt"/>
      <line num="28" count="17" type="stmt"/>
      <line num="29" count="17" type="stmt"/>
      <line num="32" count="15" type="cond" truecount="2" falsecount="0"/>
      <line num="33" count="14" type="stmt"/>
      <line num="34" count="14" type="stmt"/>
      <line num="37" count="3" type="stmt"/>
      <line num="39" count="17" type="stmt"/>
      <line num="44" count="2" type="stmt"/>
      <line num="45" count="2" type="stmt"/>
      <line num="46" count="2" type="stmt"/>
      <line num="47" count="2" type="stmt"/>
      <line num="48" count="2" type="stmt"/>
      <line num="49" count="2" type="stmt"/>
      <line num="57" count="2" type="cond" truecount="1" falsecount="1"/>
      <line num="58" count="0" type="stmt"/>
      <line num="59" count="0" type="cond" truecount="0" falsecount="2"/>
      <line num="61" count="2" type="stmt"/>
      <line num="62" count="2" type="stmt"/>
      <line num="63" count="2" type="stmt"/>
      <line num="64" count="2" type="stmt"/>
      <line num="65" count="2" type="stmt"/>
      <line num="68" count="0" type="stmt"/>
      <line num="70" count="2" type="stmt"/>
      <line num="74" count="55" type="stmt"/>
      <line num="80" count="3" type="stmt"/>
      <line num="84" count="0" type="stmt"/>
      <line num="88" count="2" type="stmt"/>
      <line num="104" count="3" type="stmt"/>
      <line num="115" count="2" type="stmt"/>
    </file>
    <file name="AuthForm.jsx" path="C:\Users\Doug Lopez\CascadeProjects\climb-gym-log\frontend\src\AuthForm.jsx">
      <metrics statements="32" coveredstatements="26" conditionals="29" coveredconditionals="18" methods="7" coveredmethods="4"/>
      <line num="4" count="15" type="stmt"/>
      <line num="5" count="15" type="stmt"/>
      <line num="6" count="15" type="stmt"/>
      <line num="7" count="15" type="stmt"/>
      <line num="8" count="15" type="stmt"/>
      <line num="9" count="15" type="stmt"/>
      <line num="10" count="15" type="stmt"/>
      <line num="12" count="15" type="stmt"/>
      <line num="13" count="3" type="stmt"/>
      <line num="14" count="3" type="stmt"/>
      <line num="15" count="3" type="stmt"/>
      <line num="16" count="3" type="stmt"/>
      <line num="17" count="3" type="stmt"/>
      <line num="19" count="3" type="cond" truecount="1" falsecount="1"/>
      <line num="20" count="0" type="stmt"/>
      <line num="25" count="0" type="cond" truecount="0" falsecount="2"/>
      <line num="26" count="0" type="stmt"/>
      <line num="27" count="0" type="cond" truecount="0" falsecount="2"/>
      <line num="29" count="0" type="stmt"/>
      <line num="31" count="3" type="stmt"/>
      <line num="36" count="3" type="cond" truecount="2" falsecount="0"/>
      <line num="37" count="2" type="stmt"/>
      <line num="38" count="2" type="cond" truecount="1" falsecount="1"/>
      <line num="40" count="1" type="stmt"/>
      <line num="41" count="1" type="stmt"/>
      <line num="42" count="1" type="stmt"/>
      <line num="44" count="2" type="cond" truecount="2" falsecount="2"/>
      <line num="46" count="3" type="stmt"/>
      <line num="51" count="15" type="stmt"/>
      <line num="58" count="3" type="stmt"/>
      <line num="68" count="0" type="stmt"/>
      <line num="78" count="3" type="stmt"/>
    </file>
    <file name="ClimbComments.jsx" path="C:\Users\Doug Lopez\CascadeProjects\climb-gym-log\frontend\src\ClimbComments.jsx">
      <metrics statements="44" coveredstatements="43" conditionals="33" coveredconditionals="26" methods="8" coveredmethods="8"/>
      <line num="4" count="52" type="stmt"/>
      <line num="5" count="52" type="stmt"/>
      <line num="6" count="52" type="stmt"/>
      <line num="7" count="52" type="stmt"/>
      <line num="8" count="52" type="stmt"/>
      <line num="9" count="52" type="stmt"/>
      <line num="11" count="52" type="stmt"/>
      <line num="12" count="21" type="stmt"/>
      <line num="13" count="21" type="stmt"/>
      <line num="14" count="21" type="stmt"/>
      <line num="15" count="21" type="stmt"/>
      <line num="16" count="17" type="cond" truecount="2" falsecount="0"/>
      <line num="17" count="16" type="stmt"/>
      <line num="19" count="5" type="stmt"/>
      <line num="21" count="21" type="stmt"/>
      <line num="25" count="52" type="stmt"/>
      <line num="26" count="19" type="stmt"/>
      <line num="30" count="52" type="stmt"/>
      <line num="31" count="2" type="stmt"/>
      <line num="32" count="2" type="stmt"/>
      <line num="33" count="2" type="stmt"/>
      <line num="34" count="2" type="stmt"/>
      <line num="35" count="2" type="stmt"/>
      <line num="36" count="2" type="stmt"/>
      <line num="44" count="2" type="cond" truecount="3" falsecount="1"/>
      <line num="45" count="1" type="stmt"/>
      <line num="46" count="1" type="stmt"/>
      <line num="47" count="1" type="stmt"/>
      <line num="49" count="1" type="stmt"/>
      <line num="51" count="2" type="stmt"/>
      <line num="55" count="52" type="stmt"/>
      <line num="56" count="1" type="cond" truecount="1" falsecount="1"/>
      <line num="57" count="1" type="stmt"/>
      <line num="58" count="1" type="stmt"/>
      <line num="59" count="1" type="stmt"/>
      <line num="60" count="1" type="stmt"/>
      <line num="64" count="1" type="cond" truecount="1" falsecount="3"/>
      <line num="65" count="1" type="stmt"/>
      <line num="66" count="1" type="stmt"/>
      <line num="68" count="0" type="stmt"/>
      <line num="72" count="52" type="stmt"/>
      <line num="82" count="4" type="stmt"/>
      <line num="86" count="1" type="stmt"/>
      <line num="101" count="2" type="stmt"/>
    </file>
    <file name="ClimbList.jsx" path="C:\Users\Doug Lopez\CascadeProjects\climb-gym-log\frontend\src\ClimbList.jsx">
      <metrics statements="26" coveredstatements="25" conditionals="30" coveredconditionals="24" methods="7" coveredmethods="4"/>
      <line num="7" count="11" type="stmt"/>
      <line num="8" count="11" type="stmt"/>
      <line num="9" count="11" type="stmt"/>
      <line num="11" count="11" type="stmt"/>
      <line num="12" count="2" type="stmt"/>
      <line num="13" count="2" type="stmt"/>
      <line num="14" count="2" type="stmt"/>
      <line num="15" count="2" type="stmt"/>
      <line num="16" count="2" type="stmt"/>
      <line num="21" count="2" type="cond" truecount="2" falsecount="0"/>
      <line num="22" count="1" type="stmt"/>
      <line num="23" count="1" type="stmt"/>
      <line num="24" count="1" type="stmt"/>
      <line num="25" count="1" type="cond" truecount="3" falsecount="1"/>
      <line num="27" count="1" type="stmt"/>
      <line num="29" count="1" type="stmt"/>
      <line num="30" count="1" type="cond" truecount="1" falsecount="1"/>
      <line num="31" count="1" type="stmt"/>
      <line num="32" count="1" type="stmt"/>
      <line num="34" count="1" type="cond" truecount="1" falsecount="1"/>
      <line num="35" count="1" type="stmt"/>
      <line num="37" count="2" type="stmt"/>
      <line num="42" count="11" type="stmt"/>
      <line num="45" count="22" type="stmt"/>
      <line num="53" count="2" type="stmt"/>
      <line num="61" count="0" type="stmt"/>
    </file>
    <file name="ClimbRating.jsx" path="C:\Users\Doug Lopez\CascadeProjects\climb-gym-log\frontend\src\ClimbRating.jsx">
      <metrics statements="6" coveredstatements="6" conditionals="16" coveredconditionals="15" methods="5" coveredmethods="5"/>
      <line num="5" count="29" type="cond" truecount="5" falsecount="0"/>
      <line num="6" count="29" type="cond" truecount="2" falsecount="0"/>
      <line num="8" count="29" type="stmt"/>
      <line num="11" count="145" type="stmt"/>
      <line num="16" count="7" type="stmt"/>
      <line num="20" count="3" type="cond" truecount="4" falsecount="0"/>
    </file>
  </project>
</coverage>
