{"C:\\Users\\Doug Lopez\\CascadeProjects\\climb-gym-log\\frontend\\src\\AddClimbForm.jsx": {"path":"C:\\Users\\Doug Lopez\\CascadeProjects\\climb-gym-log\\frontend\\src\\AddClimbForm.jsx","statementMap":{"0":{"start":{"line":4,"column":26},"end":{"line":4,"column":38}},"1":{"start":{"line":5,"column":28},"end":{"line":5,"column":40}},"2":{"start":{"line":6,"column":28},"end":{"line":6,"column":40}},"3":{"start":{"line":7,"column":32},"end":{"line":7,"column":47}},"4":{"start":{"line":8,"column":32},"end":{"line":8,"column":44}},"5":{"start":{"line":10,"column":23},"end":{"line":26,"column":3}},"6":{"start":{"line":11,"column":4},"end":{"line":11,"column":23}},"7":{"start":{"line":12,"column":4},"end":{"line":12,"column":17}},"8":{"start":{"line":13,"column":4},"end":{"line":13,"column":19}},"9":{"start":{"line":14,"column":4},"end":{"line":14,"column":21}},"10":{"start":{"line":15,"column":4},"end":{"line":25,"column":5}},"11":{"start":{"line":16,"column":6},"end":{"line":16,"column":35}},"12":{"start":{"line":17,"column":6},"end":{"line":17,"column":18}},"13":{"start":{"line":18,"column":6},"end":{"line":18,"column":19}},"14":{"start":{"line":19,"column":6},"end":{"line":19,"column":33}},"15":{"start":{"line":20,"column":6},"end":{"line":20,"column":45}},"16":{"start":{"line":20,"column":23},"end":{"line":20,"column":37}},"17":{"start":{"line":22,"column":6},"end":{"line":22,"column":52}},"18":{"start":{"line":24,"column":6},"end":{"line":24,"column":24}},"19":{"start":{"line":28,"column":2},"end":{"line":37,"column":4}},"20":{"start":{"line":30,"column":41},"end":{"line":30,"column":64}},"21":{"start":{"line":31,"column":42},"end":{"line":31,"column":66}}},"fnMap":{"0":{"name":"AddClimbForm","decl":{"start":{"line":3,"column":24},"end":{"line":3,"column":36}},"loc":{"start":{"line":3,"column":48},"end":{"line":38,"column":1}},"line":3},"1":{"name":"(anonymous_1)","decl":{"start":{"line":10,"column":23},"end":{"line":10,"column":24}},"loc":{"start":{"line":10,"column":36},"end":{"line":26,"column":3}},"line":10},"2":{"name":"(anonymous_2)","decl":{"start":{"line":20,"column":17},"end":{"line":20,"column":18}},"loc":{"start":{"line":20,"column":23},"end":{"line":20,"column":37}},"line":20},"3":{"name":"(anonymous_3)","decl":{"start":{"line":30,"column":36},"end":{"line":30,"column":37}},"loc":{"start":{"line":30,"column":41},"end":{"line":30,"column":64}},"line":30},"4":{"name":"(anonymous_4)","decl":{"start":{"line":31,"column":37},"end":{"line":31,"column":38}},"loc":{"start":{"line":31,"column":42},"end":{"line":31,"column":66}},"line":31}},"branchMap":{"0":{"loc":{"start":{"line":22,"column":15},"end":{"line":22,"column":50}},"type":"binary-expr","locations":[{"start":{"line":22,"column":15},"end":{"line":22,"column":26}},{"start":{"line":22,"column":30},"end":{"line":22,"column":50}}],"line":22},"1":{"loc":{"start":{"line":32,"column":48},"end":{"line":32,"column":83}},"type":"cond-expr","locations":[{"start":{"line":32,"column":58},"end":{"line":32,"column":69}},{"start":{"line":32,"column":72},"end":{"line":32,"column":83}}],"line":32},"2":{"loc":{"start":{"line":33,"column":7},"end":{"line":33,"column":73}},"type":"binary-expr","locations":[{"start":{"line":33,"column":7},"end":{"line":33,"column":14}},{"start":{"line":33,"column":18},"end":{"line":33,"column":73}}],"line":33},"3":{"loc":{"start":{"line":34,"column":7},"end":{"line":34,"column":65}},"type":"binary-expr","locations":[{"start":{"line":34,"column":7},"end":{"line":34,"column":14}},{"start":{"line":34,"column":18},"end":{"line":34,"column":65}}],"line":34},"4":{"loc":{"start":{"line":35,"column":7},"end":{"line":35,"column":59}},"type":"binary-expr","locations":[{"start":{"line":35,"column":7},"end":{"line":35,"column":12}},{"start":{"line":35,"column":16},"end":{"line":35,"column":59}}],"line":35}},"s":{"0":14,"1":14,"2":14,"3":14,"4":14,"5":14,"6":3,"7":3,"8":3,"9":3,"10":3,"11":3,"12":2,"13":2,"14":2,"15":2,"16":0,"17":1,"18":3,"19":14,"20":3,"21":1},"f":{"0":14,"1":3,"2":0,"3":3,"4":1},"b":{"0":[1,0],"1":[3,11],"2":[14,3],"3":[14,2],"4":[14,1]},"_coverageSchema":"1a1c01bbd47fc00a2c39e90264f33305004495a9","hash":"6116058456e61cfc10dc879dfb419470143e30cd"}
,"C:\\Users\\Doug Lopez\\CascadeProjects\\climb-gym-log\\frontend\\src\\AddGymForm.jsx": {"path":"C:\\Users\\Doug Lopez\\CascadeProjects\\climb-gym-log\\frontend\\src\\AddGymForm.jsx","statementMap":{"0":{"start":{"line":4,"column":26},"end":{"line":4,"column":38}},"1":{"start":{"line":5,"column":28},"end":{"line":5,"column":40}},"2":{"start":{"line":6,"column":32},"end":{"line":6,"column":47}},"3":{"start":{"line":7,"column":32},"end":{"line":7,"column":44}},"4":{"start":{"line":9,"column":23},"end":{"line":24,"column":3}},"5":{"start":{"line":10,"column":4},"end":{"line":10,"column":23}},"6":{"start":{"line":11,"column":4},"end":{"line":11,"column":17}},"7":{"start":{"line":12,"column":4},"end":{"line":12,"column":19}},"8":{"start":{"line":13,"column":4},"end":{"line":13,"column":21}},"9":{"start":{"line":14,"column":4},"end":{"line":23,"column":5}},"10":{"start":{"line":15,"column":6},"end":{"line":15,"column":24}},"11":{"start":{"line":16,"column":6},"end":{"line":16,"column":18}},"12":{"start":{"line":17,"column":6},"end":{"line":17,"column":31}},"13":{"start":{"line":18,"column":6},"end":{"line":18,"column":45}},"14":{"start":{"line":18,"column":23},"end":{"line":18,"column":37}},"15":{"start":{"line":20,"column":6},"end":{"line":20,"column":50}},"16":{"start":{"line":22,"column":6},"end":{"line":22,"column":24}},"17":{"start":{"line":27,"column":2},"end":{"line":35,"column":4}},"18":{"start":{"line":29,"column":41},"end":{"line":29,"column":64}}},"fnMap":{"0":{"name":"AddGymForm","decl":{"start":{"line":3,"column":24},"end":{"line":3,"column":34}},"loc":{"start":{"line":3,"column":46},"end":{"line":36,"column":1}},"line":3},"1":{"name":"(anonymous_1)","decl":{"start":{"line":9,"column":23},"end":{"line":9,"column":24}},"loc":{"start":{"line":9,"column":36},"end":{"line":24,"column":3}},"line":9},"2":{"name":"(anonymous_2)","decl":{"start":{"line":18,"column":17},"end":{"line":18,"column":18}},"loc":{"start":{"line":18,"column":23},"end":{"line":18,"column":37}},"line":18},"3":{"name":"(anonymous_3)","decl":{"start":{"line":29,"column":36},"end":{"line":29,"column":37}},"loc":{"start":{"line":29,"column":41},"end":{"line":29,"column":64}},"line":29}},"branchMap":{"0":{"loc":{"start":{"line":20,"column":15},"end":{"line":20,"column":48}},"type":"binary-expr","locations":[{"start":{"line":20,"column":15},"end":{"line":20,"column":26}},{"start":{"line":20,"column":30},"end":{"line":20,"column":48}}],"line":20},"1":{"loc":{"start":{"line":30,"column":48},"end":{"line":30,"column":81}},"type":"cond-expr","locations":[{"start":{"line":30,"column":58},"end":{"line":30,"column":69}},{"start":{"line":30,"column":72},"end":{"line":30,"column":81}}],"line":30},"2":{"loc":{"start":{"line":31,"column":7},"end":{"line":31,"column":73}},"type":"binary-expr","locations":[{"start":{"line":31,"column":7},"end":{"line":31,"column":14}},{"start":{"line":31,"column":18},"end":{"line":31,"column":73}}],"line":31},"3":{"loc":{"start":{"line":32,"column":7},"end":{"line":32,"column":65}},"type":"binary-expr","locations":[{"start":{"line":32,"column":7},"end":{"line":32,"column":14}},{"start":{"line":32,"column":18},"end":{"line":32,"column":65}}],"line":32},"4":{"loc":{"start":{"line":33,"column":7},"end":{"line":33,"column":59}},"type":"binary-expr","locations":[{"start":{"line":33,"column":7},"end":{"line":33,"column":12}},{"start":{"line":33,"column":16},"end":{"line":33,"column":59}}],"line":33}},"s":{"0":13,"1":13,"2":13,"3":13,"4":13,"5":3,"6":3,"7":3,"8":3,"9":3,"10":3,"11":2,"12":2,"13":2,"14":0,"15":1,"16":3,"17":13,"18":3},"f":{"0":13,"1":3,"2":0,"3":3},"b":{"0":[1,0],"1":[3,10],"2":[13,3],"3":[13,2],"4":[13,1]},"_coverageSchema":"1a1c01bbd47fc00a2c39e90264f33305004495a9","hash":"1cf24069cb88e3b47ee4ed44909226b12ce743f7"}
,"C:\\Users\\Doug Lopez\\CascadeProjects\\climb-gym-log\\frontend\\src\\AscentLog.jsx": {"path":"C:\\Users\\Doug Lopez\\CascadeProjects\\climb-gym-log\\frontend\\src\\AscentLog.jsx","statementMap":{"0":{"start":{"line":12,"column":28},"end":{"line":12,"column":40}},"1":{"start":{"line":13,"column":28},"end":{"line":13,"column":40}},"2":{"start":{"line":14,"column":26},"end":{"line":14,"column":38}},"3":{"start":{"line":15,"column":32},"end":{"line":15,"column":44}},"4":{"start":{"line":16,"column":32},"end":{"line":16,"column":47}},"5":{"start":{"line":17,"column":28},"end":{"line":17,"column":40}},"6":{"start":{"line":18,"column":32},"end":{"line":18,"column":44}},"7":{"start":{"line":20,"column":2},"end":{"line":23,"column":16}},"8":{"start":{"line":21,"column":4},"end":{"line":21,"column":32}},"9":{"start":{"line":21,"column":17},"end":{"line":21,"column":32}},"10":{"start":{"line":26,"column":4},"end":{"line":26,"column":21}},"11":{"start":{"line":27,"column":4},"end":{"line":27,"column":17}},"12":{"start":{"line":28,"column":4},"end":{"line":40,"column":5}},"13":{"start":{"line":29,"column":18},"end":{"line":31,"column":8}},"14":{"start":{"line":32,"column":6},"end":{"line":32,"column":62}},"15":{"start":{"line":32,"column":19},"end":{"line":32,"column":62}},"16":{"start":{"line":33,"column":19},"end":{"line":33,"column":35}},"17":{"start":{"line":34,"column":6},"end":{"line":34,"column":23}},"18":{"start":{"line":37,"column":6},"end":{"line":37,"column":28}},"19":{"start":{"line":39,"column":6},"end":{"line":39,"column":24}},"20":{"start":{"line":44,"column":4},"end":{"line":44,"column":23}},"21":{"start":{"line":45,"column":4},"end":{"line":45,"column":17}},"22":{"start":{"line":46,"column":4},"end":{"line":46,"column":19}},"23":{"start":{"line":47,"column":4},"end":{"line":47,"column":21}},"24":{"start":{"line":48,"column":4},"end":{"line":71,"column":5}},"25":{"start":{"line":49,"column":18},"end":{"line":56,"column":8}},"26":{"start":{"line":57,"column":6},"end":{"line":60,"column":7}},"27":{"start":{"line":58,"column":20},"end":{"line":58,"column":36}},"28":{"start":{"line":59,"column":8},"end":{"line":59,"column":55}},"29":{"start":{"line":61,"column":6},"end":{"line":61,"column":35}},"30":{"start":{"line":62,"column":6},"end":{"line":62,"column":19}},"31":{"start":{"line":63,"column":6},"end":{"line":63,"column":19}},"32":{"start":{"line":64,"column":6},"end":{"line":64,"column":18}},"33":{"start":{"line":65,"column":6},"end":{"line":65,"column":21}},"34":{"start":{"line":68,"column":6},"end":{"line":68,"column":28}},"35":{"start":{"line":70,"column":6},"end":{"line":70,"column":24}},"36":{"start":{"line":74,"column":4},"end":{"line":112,"column":4}},"37":{"start":{"line":80,"column":46},"end":{"line":80,"column":70}},"38":{"start":{"line":84,"column":57},"end":{"line":84,"column":80}},"39":{"start":{"line":88,"column":46},"end":{"line":88,"column":70}},"40":{"start":{"line":104,"column":12},"end":{"line":107,"column":17}},"41":{"start":{"line":115,"column":0},"end":{"line":118,"column":2}}},"fnMap":{"0":{"name":"AscentLog","decl":{"start":{"line":11,"column":24},"end":{"line":11,"column":33}},"loc":{"start":{"line":11,"column":54},"end":{"line":113,"column":1}},"line":11},"1":{"name":"(anonymous_1)","decl":{"start":{"line":20,"column":18},"end":{"line":20,"column":19}},"loc":{"start":{"line":20,"column":24},"end":{"line":23,"column":3}},"line":20},"2":{"name":"fetchAscents","decl":{"start":{"line":25,"column":17},"end":{"line":25,"column":29}},"loc":{"start":{"line":25,"column":32},"end":{"line":41,"column":3}},"line":25},"3":{"name":"handleSubmit","decl":{"start":{"line":43,"column":17},"end":{"line":43,"column":29}},"loc":{"start":{"line":43,"column":33},"end":{"line":72,"column":3}},"line":43},"4":{"name":"(anonymous_4)","decl":{"start":{"line":80,"column":41},"end":{"line":80,"column":42}},"loc":{"start":{"line":80,"column":46},"end":{"line":80,"column":70}},"line":80},"5":{"name":"(anonymous_5)","decl":{"start":{"line":84,"column":52},"end":{"line":84,"column":53}},"loc":{"start":{"line":84,"column":57},"end":{"line":84,"column":80}},"line":84},"6":{"name":"(anonymous_6)","decl":{"start":{"line":88,"column":41},"end":{"line":88,"column":42}},"loc":{"start":{"line":88,"column":46},"end":{"line":88,"column":70}},"line":88},"7":{"name":"(anonymous_7)","decl":{"start":{"line":103,"column":23},"end":{"line":103,"column":24}},"loc":{"start":{"line":104,"column":12},"end":{"line":107,"column":17}},"line":104}},"branchMap":{"0":{"loc":{"start":{"line":21,"column":4},"end":{"line":21,"column":32}},"type":"if","locations":[{"start":{"line":21,"column":4},"end":{"line":21,"column":32}},{"start":{},"end":{}}],"line":21},"1":{"loc":{"start":{"line":32,"column":6},"end":{"line":32,"column":62}},"type":"if","locations":[{"start":{"line":32,"column":6},"end":{"line":32,"column":62}},{"start":{},"end":{}}],"line":32},"2":{"loc":{"start":{"line":57,"column":6},"end":{"line":60,"column":7}},"type":"if","locations":[{"start":{"line":57,"column":6},"end":{"line":60,"column":7}},{"start":{},"end":{}}],"line":57},"3":{"loc":{"start":{"line":59,"column":24},"end":{"line":59,"column":53}},"type":"binary-expr","locations":[{"start":{"line":59,"column":24},"end":{"line":59,"column":27}},{"start":{"line":59,"column":31},"end":{"line":59,"column":53}}],"line":59},"4":{"loc":{"start":{"line":94,"column":7},"end":{"line":94,"column":59}},"type":"binary-expr","locations":[{"start":{"line":94,"column":7},"end":{"line":94,"column":12}},{"start":{"line":94,"column":16},"end":{"line":94,"column":59}}],"line":94},"5":{"loc":{"start":{"line":95,"column":7},"end":{"line":95,"column":65}},"type":"binary-expr","locations":[{"start":{"line":95,"column":7},"end":{"line":95,"column":14}},{"start":{"line":95,"column":18},"end":{"line":95,"column":65}}],"line":95},"6":{"loc":{"start":{"line":97,"column":7},"end":{"line":110,"column":7}},"type":"cond-expr","locations":[{"start":{"line":98,"column":8},"end":{"line":98,"column":29}},{"start":{"line":99,"column":10},"end":{"line":110,"column":7}}],"line":97},"7":{"loc":{"start":{"line":99,"column":10},"end":{"line":110,"column":7}},"type":"cond-expr","locations":[{"start":{"line":100,"column":8},"end":{"line":100,"column":41}},{"start":{"line":102,"column":8},"end":{"line":109,"column":13}}],"line":99},"8":{"loc":{"start":{"line":105,"column":35},"end":{"line":105,"column":98}},"type":"cond-expr","locations":[{"start":{"line":105,"column":44},"end":{"line":105,"column":81}},{"start":{"line":105,"column":84},"end":{"line":105,"column":98}}],"line":105},"9":{"loc":{"start":{"line":106,"column":15},"end":{"line":106,"column":43}},"type":"binary-expr","locations":[{"start":{"line":106,"column":15},"end":{"line":106,"column":22}},{"start":{"line":106,"column":26},"end":{"line":106,"column":43}}],"line":106}},"s":{"0":55,"1":55,"2":55,"3":55,"4":55,"5":55,"6":55,"7":55,"8":15,"9":15,"10":17,"11":17,"12":17,"13":17,"14":15,"15":1,"16":14,"17":14,"18":3,"19":17,"20":2,"21":2,"22":2,"23":2,"24":2,"25":2,"26":2,"27":0,"28":0,"29":2,"30":2,"31":2,"32":2,"33":2,"34":0,"35":2,"36":55,"37":3,"38":0,"39":2,"40":3,"41":2},"f":{"0":55,"1":15,"2":17,"3":2,"4":3,"5":0,"6":2,"7":3},"b":{"0":[15,0],"1":[1,14],"2":[0,2],"3":[0,0],"4":[55,3],"5":[55,3],"6":[20,35],"7":[32,3],"8":[3,0],"9":[3,3]},"_coverageSchema":"1a1c01bbd47fc00a2c39e90264f33305004495a9","hash":"c2bcf517f849ee10b7cdc21fcce49ffb21fb387a"}
,"C:\\Users\\Doug Lopez\\CascadeProjects\\climb-gym-log\\frontend\\src\\AuthForm.jsx": {"path":"C:\\Users\\Doug Lopez\\CascadeProjects\\climb-gym-log\\frontend\\src\\AuthForm.jsx","statementMap":{"0":{"start":{"line":4,"column":34},"end":{"line":4,"column":46}},"1":{"start":{"line":5,"column":28},"end":{"line":5,"column":40}},"2":{"start":{"line":6,"column":34},"end":{"line":6,"column":46}},"3":{"start":{"line":7,"column":28},"end":{"line":7,"column":40}},"4":{"start":{"line":8,"column":32},"end":{"line":8,"column":47}},"5":{"start":{"line":9,"column":32},"end":{"line":9,"column":44}},"6":{"start":{"line":10,"column":21},"end":{"line":10,"column":40}},"7":{"start":{"line":12,"column":23},"end":{"line":48,"column":3}},"8":{"start":{"line":13,"column":4},"end":{"line":13,"column":23}},"9":{"start":{"line":14,"column":4},"end":{"line":14,"column":17}},"10":{"start":{"line":15,"column":4},"end":{"line":15,"column":19}},"11":{"start":{"line":16,"column":4},"end":{"line":16,"column":21}},"12":{"start":{"line":17,"column":4},"end":{"line":47,"column":5}},"13":{"start":{"line":19,"column":6},"end":{"line":30,"column":7}},"14":{"start":{"line":20,"column":8},"end":{"line":24,"column":11}},"15":{"start":{"line":25,"column":8},"end":{"line":28,"column":9}},"16":{"start":{"line":26,"column":23},"end":{"line":26,"column":57}},"17":{"start":{"line":26,"column":53},"end":{"line":26,"column":55}},"18":{"start":{"line":27,"column":10},"end":{"line":27,"column":64}},"19":{"start":{"line":29,"column":8},"end":{"line":29,"column":65}},"20":{"start":{"line":31,"column":6},"end":{"line":35,"column":9}},"21":{"start":{"line":36,"column":6},"end":{"line":39,"column":7}},"22":{"start":{"line":37,"column":21},"end":{"line":37,"column":55}},"23":{"start":{"line":37,"column":51},"end":{"line":37,"column":53}},"24":{"start":{"line":38,"column":8},"end":{"line":38,"column":55}},"25":{"start":{"line":40,"column":31},"end":{"line":40,"column":47}},"26":{"start":{"line":41,"column":6},"end":{"line":41,"column":38}},"27":{"start":{"line":42,"column":6},"end":{"line":42,"column":27}},"28":{"start":{"line":44,"column":6},"end":{"line":44,"column":73}},"29":{"start":{"line":46,"column":6},"end":{"line":46,"column":24}},"30":{"start":{"line":51,"column":2},"end":{"line":89,"column":4}},"31":{"start":{"line":58,"column":25},"end":{"line":58,"column":52}},"32":{"start":{"line":68,"column":27},"end":{"line":68,"column":51}},"33":{"start":{"line":78,"column":25},"end":{"line":78,"column":52}}},"fnMap":{"0":{"name":"AuthForm","decl":{"start":{"line":3,"column":24},"end":{"line":3,"column":32}},"loc":{"start":{"line":3,"column":61},"end":{"line":90,"column":1}},"line":3},"1":{"name":"(anonymous_1)","decl":{"start":{"line":12,"column":23},"end":{"line":12,"column":24}},"loc":{"start":{"line":12,"column":36},"end":{"line":48,"column":3}},"line":12},"2":{"name":"(anonymous_2)","decl":{"start":{"line":26,"column":46},"end":{"line":26,"column":47}},"loc":{"start":{"line":26,"column":53},"end":{"line":26,"column":55}},"line":26},"3":{"name":"(anonymous_3)","decl":{"start":{"line":37,"column":44},"end":{"line":37,"column":45}},"loc":{"start":{"line":37,"column":51},"end":{"line":37,"column":53}},"line":37},"4":{"name":"(anonymous_4)","decl":{"start":{"line":58,"column":20},"end":{"line":58,"column":21}},"loc":{"start":{"line":58,"column":25},"end":{"line":58,"column":52}},"line":58},"5":{"name":"(anonymous_5)","decl":{"start":{"line":68,"column":22},"end":{"line":68,"column":23}},"loc":{"start":{"line":68,"column":27},"end":{"line":68,"column":51}},"line":68},"6":{"name":"(anonymous_6)","decl":{"start":{"line":78,"column":20},"end":{"line":78,"column":21}},"loc":{"start":{"line":78,"column":25},"end":{"line":78,"column":52}},"line":78}},"branchMap":{"0":{"loc":{"start":{"line":3,"column":43},"end":{"line":3,"column":57}},"type":"default-arg","locations":[{"start":{"line":3,"column":50},"end":{"line":3,"column":57}}],"line":3},"1":{"loc":{"start":{"line":19,"column":6},"end":{"line":30,"column":7}},"type":"if","locations":[{"start":{"line":19,"column":6},"end":{"line":30,"column":7}},{"start":{},"end":{}}],"line":19},"2":{"loc":{"start":{"line":25,"column":8},"end":{"line":28,"column":9}},"type":"if","locations":[{"start":{"line":25,"column":8},"end":{"line":28,"column":9}},{"start":{},"end":{}}],"line":25},"3":{"loc":{"start":{"line":27,"column":26},"end":{"line":27,"column":62}},"type":"binary-expr","locations":[{"start":{"line":27,"column":26},"end":{"line":27,"column":37}},{"start":{"line":27,"column":41},"end":{"line":27,"column":62}}],"line":27},"4":{"loc":{"start":{"line":36,"column":6},"end":{"line":39,"column":7}},"type":"if","locations":[{"start":{"line":36,"column":6},"end":{"line":39,"column":7}},{"start":{},"end":{}}],"line":36},"5":{"loc":{"start":{"line":38,"column":24},"end":{"line":38,"column":53}},"type":"binary-expr","locations":[{"start":{"line":38,"column":24},"end":{"line":38,"column":35}},{"start":{"line":38,"column":39},"end":{"line":38,"column":53}}],"line":38},"6":{"loc":{"start":{"line":44,"column":15},"end":{"line":44,"column":71}},"type":"cond-expr","locations":[{"start":{"line":44,"column":39},"end":{"line":44,"column":40}},{"start":{"line":44,"column":43},"end":{"line":44,"column":71}}],"line":44},"7":{"loc":{"start":{"line":44,"column":43},"end":{"line":44,"column":71}},"type":"binary-expr","locations":[{"start":{"line":44,"column":43},"end":{"line":44,"column":52}},{"start":{"line":44,"column":56},"end":{"line":44,"column":71}}],"line":44},"8":{"loc":{"start":{"line":53,"column":11},"end":{"line":53,"column":44}},"type":"cond-expr","locations":[{"start":{"line":53,"column":24},"end":{"line":53,"column":34}},{"start":{"line":53,"column":37},"end":{"line":53,"column":44}}],"line":53},"9":{"loc":{"start":{"line":62,"column":7},"end":{"line":72,"column":7}},"type":"binary-expr","locations":[{"start":{"line":62,"column":7},"end":{"line":62,"column":17}},{"start":{"line":63,"column":8},"end":{"line":71,"column":14}}],"line":62},"10":{"loc":{"start":{"line":83,"column":9},"end":{"line":83,"column":81}},"type":"cond-expr","locations":[{"start":{"line":83,"column":19},"end":{"line":83,"column":35}},{"start":{"line":83,"column":39},"end":{"line":83,"column":80}}],"line":83},"11":{"loc":{"start":{"line":83,"column":39},"end":{"line":83,"column":80}},"type":"cond-expr","locations":[{"start":{"line":83,"column":52},"end":{"line":83,"column":70}},{"start":{"line":83,"column":73},"end":{"line":83,"column":80}}],"line":83},"12":{"loc":{"start":{"line":85,"column":7},"end":{"line":85,"column":74}},"type":"binary-expr","locations":[{"start":{"line":85,"column":7},"end":{"line":85,"column":14}},{"start":{"line":85,"column":18},"end":{"line":85,"column":74}}],"line":85},"13":{"loc":{"start":{"line":86,"column":7},"end":{"line":86,"column":65}},"type":"binary-expr","locations":[{"start":{"line":86,"column":7},"end":{"line":86,"column":14}},{"start":{"line":86,"column":18},"end":{"line":86,"column":65}}],"line":86},"14":{"loc":{"start":{"line":87,"column":7},"end":{"line":87,"column":59}},"type":"binary-expr","locations":[{"start":{"line":87,"column":7},"end":{"line":87,"column":12}},{"start":{"line":87,"column":16},"end":{"line":87,"column":59}}],"line":87}},"s":{"0":15,"1":15,"2":15,"3":15,"4":15,"5":15,"6":15,"7":15,"8":3,"9":3,"10":3,"11":3,"12":3,"13":3,"14":0,"15":0,"16":0,"17":0,"18":0,"19":0,"20":3,"21":3,"22":2,"23":0,"24":2,"25":1,"26":1,"27":1,"28":2,"29":3,"30":15,"31":3,"32":0,"33":3},"f":{"0":15,"1":3,"2":0,"3":0,"4":3,"5":0,"6":3},"b":{"0":[15],"1":[0,3],"2":[0,0],"3":[0,0],"4":[2,1],"5":[2,0],"6":[0,2],"7":[2,0],"8":[0,15],"9":[15,0],"10":[3,12],"11":[0,12],"12":[15,3],"13":[15,1],"14":[15,1]},"_coverageSchema":"1a1c01bbd47fc00a2c39e90264f33305004495a9","hash":"516e856bf286078c6255db62f161fba9ea5d60c6"}
,"C:\\Users\\Doug Lopez\\CascadeProjects\\climb-gym-log\\frontend\\src\\ClimbComments.jsx": {"path":"C:\\Users\\Doug Lopez\\CascadeProjects\\climb-gym-log\\frontend\\src\\ClimbComments.jsx","statementMap":{"0":{"start":{"line":4,"column":34},"end":{"line":4,"column":46}},"1":{"start":{"line":5,"column":32},"end":{"line":5,"column":46}},"2":{"start":{"line":6,"column":28},"end":{"line":6,"column":40}},"3":{"start":{"line":7,"column":26},"end":{"line":7,"column":38}},"4":{"start":{"line":8,"column":38},"end":{"line":8,"column":53}},"5":{"start":{"line":9,"column":32},"end":{"line":9,"column":44}},"6":{"start":{"line":11,"column":24},"end":{"line":23,"column":3}},"7":{"start":{"line":12,"column":4},"end":{"line":12,"column":21}},"8":{"start":{"line":13,"column":4},"end":{"line":13,"column":17}},"9":{"start":{"line":14,"column":4},"end":{"line":22,"column":5}},"10":{"start":{"line":15,"column":18},"end":{"line":15,"column":60}},"11":{"start":{"line":16,"column":6},"end":{"line":16,"column":63}},"12":{"start":{"line":16,"column":19},"end":{"line":16,"column":63}},"13":{"start":{"line":17,"column":6},"end":{"line":17,"column":36}},"14":{"start":{"line":19,"column":6},"end":{"line":19,"column":26}},"15":{"start":{"line":21,"column":6},"end":{"line":21,"column":24}},"16":{"start":{"line":25,"column":2},"end":{"line":28,"column":16}},"17":{"start":{"line":26,"column":4},"end":{"line":26,"column":20}},"18":{"start":{"line":30,"column":23},"end":{"line":53,"column":3}},"19":{"start":{"line":31,"column":4},"end":{"line":31,"column":23}},"20":{"start":{"line":32,"column":4},"end":{"line":32,"column":24}},"21":{"start":{"line":33,"column":4},"end":{"line":33,"column":17}},"22":{"start":{"line":34,"column":4},"end":{"line":34,"column":19}},"23":{"start":{"line":35,"column":4},"end":{"line":52,"column":5}},"24":{"start":{"line":36,"column":18},"end":{"line":43,"column":8}},"25":{"start":{"line":44,"column":6},"end":{"line":44,"column":89}},"26":{"start":{"line":44,"column":19},"end":{"line":44,"column":89}},"27":{"start":{"line":45,"column":6},"end":{"line":45,"column":18}},"28":{"start":{"line":46,"column":6},"end":{"line":46,"column":35}},"29":{"start":{"line":47,"column":6},"end":{"line":47,"column":22}},"30":{"start":{"line":49,"column":6},"end":{"line":49,"column":26}},"31":{"start":{"line":51,"column":6},"end":{"line":51,"column":27}},"32":{"start":{"line":55,"column":23},"end":{"line":70,"column":3}},"33":{"start":{"line":56,"column":4},"end":{"line":56,"column":56}},"34":{"start":{"line":56,"column":49},"end":{"line":56,"column":56}},"35":{"start":{"line":57,"column":4},"end":{"line":57,"column":17}},"36":{"start":{"line":58,"column":4},"end":{"line":58,"column":19}},"37":{"start":{"line":59,"column":4},"end":{"line":69,"column":5}},"38":{"start":{"line":60,"column":18},"end":{"line":63,"column":8}},"39":{"start":{"line":64,"column":6},"end":{"line":64,"column":92}},"40":{"start":{"line":64,"column":19},"end":{"line":64,"column":92}},"41":{"start":{"line":65,"column":6},"end":{"line":65,"column":37}},"42":{"start":{"line":66,"column":6},"end":{"line":66,"column":22}},"43":{"start":{"line":68,"column":6},"end":{"line":68,"column":26}},"44":{"start":{"line":72,"column":2},"end":{"line":114,"column":4}},"45":{"start":{"line":82,"column":14},"end":{"line":88,"column":19}},"46":{"start":{"line":86,"column":80},"end":{"line":86,"column":98}},"47":{"start":{"line":101,"column":27},"end":{"line":101,"column":50}}},"fnMap":{"0":{"name":"ClimbComments","decl":{"start":{"line":3,"column":24},"end":{"line":3,"column":37}},"loc":{"start":{"line":3,"column":64},"end":{"line":115,"column":1}},"line":3},"1":{"name":"(anonymous_1)","decl":{"start":{"line":11,"column":24},"end":{"line":11,"column":25}},"loc":{"start":{"line":11,"column":36},"end":{"line":23,"column":3}},"line":11},"2":{"name":"(anonymous_2)","decl":{"start":{"line":25,"column":12},"end":{"line":25,"column":13}},"loc":{"start":{"line":25,"column":18},"end":{"line":28,"column":3}},"line":25},"3":{"name":"(anonymous_3)","decl":{"start":{"line":30,"column":23},"end":{"line":30,"column":24}},"loc":{"start":{"line":30,"column":34},"end":{"line":53,"column":3}},"line":30},"4":{"name":"(anonymous_4)","decl":{"start":{"line":55,"column":23},"end":{"line":55,"column":24}},"loc":{"start":{"line":55,"column":35},"end":{"line":70,"column":3}},"line":55},"5":{"name":"(anonymous_5)","decl":{"start":{"line":81,"column":26},"end":{"line":81,"column":27}},"loc":{"start":{"line":82,"column":14},"end":{"line":88,"column":19}},"line":82},"6":{"name":"(anonymous_6)","decl":{"start":{"line":86,"column":74},"end":{"line":86,"column":75}},"loc":{"start":{"line":86,"column":80},"end":{"line":86,"column":98}},"line":86},"7":{"name":"(anonymous_7)","decl":{"start":{"line":101,"column":22},"end":{"line":101,"column":23}},"loc":{"start":{"line":101,"column":27},"end":{"line":101,"column":50}},"line":101}},"branchMap":{"0":{"loc":{"start":{"line":16,"column":6},"end":{"line":16,"column":63}},"type":"if","locations":[{"start":{"line":16,"column":6},"end":{"line":16,"column":63}},{"start":{},"end":{}}],"line":16},"1":{"loc":{"start":{"line":40,"column":14},"end":{"line":40,"column":63}},"type":"cond-expr","locations":[{"start":{"line":40,"column":22},"end":{"line":40,"column":58}},{"start":{"line":40,"column":61},"end":{"line":40,"column":63}}],"line":40},"2":{"loc":{"start":{"line":44,"column":6},"end":{"line":44,"column":89}},"type":"if","locations":[{"start":{"line":44,"column":6},"end":{"line":44,"column":89}},{"start":{},"end":{}}],"line":44},"3":{"loc":{"start":{"line":44,"column":35},"end":{"line":44,"column":87}},"type":"binary-expr","locations":[{"start":{"line":44,"column":35},"end":{"line":44,"column":60}},{"start":{"line":44,"column":64},"end":{"line":44,"column":87}}],"line":44},"4":{"loc":{"start":{"line":56,"column":4},"end":{"line":56,"column":56}},"type":"if","locations":[{"start":{"line":56,"column":4},"end":{"line":56,"column":56}},{"start":{},"end":{}}],"line":56},"5":{"loc":{"start":{"line":62,"column":17},"end":{"line":62,"column":66}},"type":"cond-expr","locations":[{"start":{"line":62,"column":25},"end":{"line":62,"column":61}},{"start":{"line":62,"column":64},"end":{"line":62,"column":66}}],"line":62},"6":{"loc":{"start":{"line":64,"column":6},"end":{"line":64,"column":92}},"type":"if","locations":[{"start":{"line":64,"column":6},"end":{"line":64,"column":92}},{"start":{},"end":{}}],"line":64},"7":{"loc":{"start":{"line":64,"column":35},"end":{"line":64,"column":90}},"type":"binary-expr","locations":[{"start":{"line":64,"column":35},"end":{"line":64,"column":60}},{"start":{"line":64,"column":64},"end":{"line":64,"column":90}}],"line":64},"8":{"loc":{"start":{"line":75,"column":7},"end":{"line":92,"column":7}},"type":"cond-expr","locations":[{"start":{"line":76,"column":8},"end":{"line":76,"column":38}},{"start":{"line":78,"column":8},"end":{"line":91,"column":11}}],"line":75},"9":{"loc":{"start":{"line":79,"column":11},"end":{"line":79,"column":63}},"type":"binary-expr","locations":[{"start":{"line":79,"column":11},"end":{"line":79,"column":32}},{"start":{"line":79,"column":36},"end":{"line":79,"column":63}}],"line":79},"10":{"loc":{"start":{"line":85,"column":17},"end":{"line":87,"column":17}},"type":"binary-expr","locations":[{"start":{"line":85,"column":17},"end":{"line":85,"column":21}},{"start":{"line":85,"column":25},"end":{"line":85,"column":46}},{"start":{"line":86,"column":18},"end":{"line":86,"column":115}}],"line":85},"11":{"loc":{"start":{"line":93,"column":7},"end":{"line":93,"column":59}},"type":"binary-expr","locations":[{"start":{"line":93,"column":7},"end":{"line":93,"column":12}},{"start":{"line":93,"column":16},"end":{"line":93,"column":59}}],"line":93},"12":{"loc":{"start":{"line":94,"column":7},"end":{"line":94,"column":65}},"type":"binary-expr","locations":[{"start":{"line":94,"column":7},"end":{"line":94,"column":14}},{"start":{"line":94,"column":18},"end":{"line":94,"column":65}}],"line":94},"13":{"loc":{"start":{"line":95,"column":7},"end":{"line":112,"column":7}},"type":"cond-expr","locations":[{"start":{"line":96,"column":8},"end":{"line":109,"column":15}},{"start":{"line":111,"column":8},"end":{"line":111,"column":76}}],"line":95},"14":{"loc":{"start":{"line":106,"column":42},"end":{"line":106,"column":68}},"type":"binary-expr","locations":[{"start":{"line":106,"column":42},"end":{"line":106,"column":52}},{"start":{"line":106,"column":56},"end":{"line":106,"column":68}}],"line":106},"15":{"loc":{"start":{"line":107,"column":13},"end":{"line":107,"column":47}},"type":"cond-expr","locations":[{"start":{"line":107,"column":26},"end":{"line":107,"column":38}},{"start":{"line":107,"column":41},"end":{"line":107,"column":47}}],"line":107}},"s":{"0":52,"1":52,"2":52,"3":52,"4":52,"5":52,"6":52,"7":21,"8":21,"9":21,"10":21,"11":17,"12":1,"13":16,"14":5,"15":21,"16":52,"17":19,"18":52,"19":2,"20":2,"21":2,"22":2,"23":2,"24":2,"25":2,"26":1,"27":1,"28":1,"29":1,"30":1,"31":2,"32":52,"33":1,"34":0,"35":1,"36":1,"37":1,"38":1,"39":1,"40":0,"41":1,"42":1,"43":0,"44":52,"45":4,"46":1,"47":2},"f":{"0":52,"1":21,"2":19,"3":2,"4":1,"5":4,"6":1,"7":2},"b":{"0":[1,16],"1":[2,0],"2":[1,1],"3":[1,0],"4":[0,1],"5":[1,0],"6":[0,1],"7":[0,0],"8":[27,25],"9":[25,21],"10":[4,4,4],"11":[52,6],"12":[52,2],"13":[48,4],"14":[48,46],"15":[2,46]},"_coverageSchema":"1a1c01bbd47fc00a2c39e90264f33305004495a9","hash":"6cf06d2fffb31832f2d64b46c9144c50a7ca0afb"}
,"C:\\Users\\Doug Lopez\\CascadeProjects\\climb-gym-log\\frontend\\src\\ClimbList.jsx": {"path":"C:\\Users\\Doug Lopez\\CascadeProjects\\climb-gym-log\\frontend\\src\\ClimbList.jsx","statementMap":{"0":{"start":{"line":7,"column":36},"end":{"line":7,"column":50}},"1":{"start":{"line":8,"column":28},"end":{"line":8,"column":42}},"2":{"start":{"line":9,"column":32},"end":{"line":9,"column":46}},"3":{"start":{"line":11,"column":21},"end":{"line":39,"column":3}},"4":{"start":{"line":12,"column":4},"end":{"line":12,"column":27}},"5":{"start":{"line":13,"column":4},"end":{"line":13,"column":19}},"6":{"start":{"line":14,"column":4},"end":{"line":14,"column":21}},"7":{"start":{"line":15,"column":4},"end":{"line":38,"column":5}},"8":{"start":{"line":16,"column":18},"end":{"line":20,"column":8}},"9":{"start":{"line":21,"column":6},"end":{"line":28,"column":7}},"10":{"start":{"line":22,"column":18},"end":{"line":22,"column":43}},"11":{"start":{"line":23,"column":8},"end":{"line":26,"column":18}},"12":{"start":{"line":24,"column":23},"end":{"line":24,"column":39}},"13":{"start":{"line":25,"column":10},"end":{"line":25,"column":53}},"14":{"start":{"line":25,"column":35},"end":{"line":25,"column":53}},"15":{"start":{"line":27,"column":8},"end":{"line":27,"column":29}},"16":{"start":{"line":29,"column":22},"end":{"line":29,"column":38}},"17":{"start":{"line":30,"column":6},"end":{"line":30,"column":50}},"18":{"start":{"line":30,"column":26},"end":{"line":30,"column":50}},"19":{"start":{"line":31,"column":6},"end":{"line":31,"column":36}},"20":{"start":{"line":32,"column":6},"end":{"line":32,"column":47}},"21":{"start":{"line":32,"column":23},"end":{"line":32,"column":39}},"22":{"start":{"line":34,"column":6},"end":{"line":34,"column":53}},"23":{"start":{"line":35,"column":6},"end":{"line":35,"column":45}},"24":{"start":{"line":35,"column":23},"end":{"line":35,"column":37}},"25":{"start":{"line":37,"column":6},"end":{"line":37,"column":25}},"26":{"start":{"line":42,"column":2},"end":{"line":73,"column":4}},"27":{"start":{"line":45,"column":8},"end":{"line":68,"column":13}},"28":{"start":{"line":53,"column":29},"end":{"line":53,"column":49}},"29":{"start":{"line":61,"column":132},"end":{"line":61,"column":150}}},"fnMap":{"0":{"name":"ClimbList","decl":{"start":{"line":6,"column":24},"end":{"line":6,"column":33}},"loc":{"start":{"line":6,"column":85},"end":{"line":74,"column":1}},"line":6},"1":{"name":"(anonymous_1)","decl":{"start":{"line":11,"column":21},"end":{"line":11,"column":22}},"loc":{"start":{"line":11,"column":49},"end":{"line":39,"column":3}},"line":11},"2":{"name":"(anonymous_2)","decl":{"start":{"line":32,"column":17},"end":{"line":32,"column":18}},"loc":{"start":{"line":32,"column":23},"end":{"line":32,"column":39}},"line":32},"3":{"name":"(anonymous_3)","decl":{"start":{"line":35,"column":17},"end":{"line":35,"column":18}},"loc":{"start":{"line":35,"column":23},"end":{"line":35,"column":37}},"line":35},"4":{"name":"(anonymous_4)","decl":{"start":{"line":44,"column":18},"end":{"line":44,"column":19}},"loc":{"start":{"line":45,"column":8},"end":{"line":68,"column":13}},"line":45},"5":{"name":"(anonymous_5)","decl":{"start":{"line":53,"column":24},"end":{"line":53,"column":25}},"loc":{"start":{"line":53,"column":29},"end":{"line":53,"column":49}},"line":53},"6":{"name":"(anonymous_6)","decl":{"start":{"line":61,"column":126},"end":{"line":61,"column":127}},"loc":{"start":{"line":61,"column":132},"end":{"line":61,"column":150}},"line":61}},"branchMap":{"0":{"loc":{"start":{"line":18,"column":59},"end":{"line":18,"column":108}},"type":"cond-expr","locations":[{"start":{"line":18,"column":67},"end":{"line":18,"column":103}},{"start":{"line":18,"column":106},"end":{"line":18,"column":108}}],"line":18},"1":{"loc":{"start":{"line":21,"column":6},"end":{"line":28,"column":7}},"type":"if","locations":[{"start":{"line":21,"column":6},"end":{"line":28,"column":7}},{"start":{},"end":{}}],"line":21},"2":{"loc":{"start":{"line":25,"column":10},"end":{"line":25,"column":53}},"type":"if","locations":[{"start":{"line":25,"column":10},"end":{"line":25,"column":53}},{"start":{},"end":{}}],"line":25},"3":{"loc":{"start":{"line":25,"column":14},"end":{"line":25,"column":33}},"type":"binary-expr","locations":[{"start":{"line":25,"column":14},"end":{"line":25,"column":18}},{"start":{"line":25,"column":22},"end":{"line":25,"column":33}}],"line":25},"4":{"loc":{"start":{"line":30,"column":6},"end":{"line":30,"column":50}},"type":"if","locations":[{"start":{"line":30,"column":6},"end":{"line":30,"column":50}},{"start":{},"end":{}}],"line":30},"5":{"loc":{"start":{"line":34,"column":15},"end":{"line":34,"column":51}},"type":"binary-expr","locations":[{"start":{"line":34,"column":15},"end":{"line":34,"column":24}},{"start":{"line":34,"column":28},"end":{"line":34,"column":51}}],"line":34},"6":{"loc":{"start":{"line":47,"column":27},"end":{"line":47,"column":69}},"type":"binary-expr","locations":[{"start":{"line":47,"column":27},"end":{"line":47,"column":38}},{"start":{"line":47,"column":42},"end":{"line":47,"column":60}},{"start":{"line":47,"column":64},"end":{"line":47,"column":69}}],"line":47},"7":{"loc":{"start":{"line":49,"column":11},"end":{"line":60,"column":11}},"type":"cond-expr","locations":[{"start":{"line":50,"column":12},"end":{"line":57,"column":15}},{"start":{"line":59,"column":12},"end":{"line":59,"column":79}}],"line":49},"8":{"loc":{"start":{"line":49,"column":11},"end":{"line":49,"column":24}},"type":"binary-expr","locations":[{"start":{"line":49,"column":11},"end":{"line":49,"column":15}},{"start":{"line":49,"column":19},"end":{"line":49,"column":24}}],"line":49},"9":{"loc":{"start":{"line":52,"column":24},"end":{"line":52,"column":41}},"type":"binary-expr","locations":[{"start":{"line":52,"column":24},"end":{"line":52,"column":36}},{"start":{"line":52,"column":40},"end":{"line":52,"column":41}}],"line":52},"10":{"loc":{"start":{"line":56,"column":15},"end":{"line":56,"column":81}},"type":"binary-expr","locations":[{"start":{"line":56,"column":15},"end":{"line":56,"column":37}},{"start":{"line":56,"column":41},"end":{"line":56,"column":81}}],"line":56},"11":{"loc":{"start":{"line":63,"column":11},"end":{"line":67,"column":11}},"type":"binary-expr","locations":[{"start":{"line":63,"column":11},"end":{"line":63,"column":15}},{"start":{"line":63,"column":19},"end":{"line":63,"column":24}},{"start":{"line":64,"column":12},"end":{"line":66,"column":18}}],"line":63},"12":{"loc":{"start":{"line":70,"column":7},"end":{"line":70,"column":57}},"type":"binary-expr","locations":[{"start":{"line":70,"column":7},"end":{"line":70,"column":12}},{"start":{"line":70,"column":16},"end":{"line":70,"column":57}}],"line":70},"13":{"loc":{"start":{"line":71,"column":7},"end":{"line":71,"column":63}},"type":"binary-expr","locations":[{"start":{"line":71,"column":7},"end":{"line":71,"column":14}},{"start":{"line":71,"column":18},"end":{"line":71,"column":63}}],"line":71}},"s":{"0":11,"1":11,"2":11,"3":11,"4":2,"5":2,"6":2,"7":2,"8":2,"9":2,"10":1,"11":1,"12":1,"13":1,"14":1,"15":1,"16":1,"17":1,"18":1,"19":1,"20":1,"21":0,"22":1,"23":1,"24":0,"25":2,"26":11,"27":22,"28":2,"29":0},"f":{"0":11,"1":2,"2":0,"3":0,"4":22,"5":2,"6":0},"b":{"0":[2,0],"1":[1,1],"2":[1,0],"3":[1,1],"4":[1,0],"5":[1,0],"6":[22,0,0],"7":[20,2],"8":[22,20],"9":[20,10],"10":[20,2],"11":[22,20,20],"12":[11,1],"13":[11,1]},"_coverageSchema":"1a1c01bbd47fc00a2c39e90264f33305004495a9","hash":"67062800c969b39a77ff1e7c2d2046e7f248d981"}
,"C:\\Users\\Doug Lopez\\CascadeProjects\\climb-gym-log\\frontend\\src\\ClimbRating.jsx": {"path":"C:\\Users\\Doug Lopez\\CascadeProjects\\climb-gym-log\\frontend\\src\\ClimbRating.jsx","statementMap":{"0":{"start":{"line":5,"column":21},"end":{"line":5,"column":90}},"1":{"start":{"line":6,"column":21},"end":{"line":6,"column":69}},"2":{"start":{"line":8,"column":2},"end":{"line":26,"column":4}},"3":{"start":{"line":11,"column":8},"end":{"line":23,"column":15}},"4":{"start":{"line":16,"column":25},"end":{"line":16,"column":41}},"5":{"start":{"line":20,"column":28},"end":{"line":20,"column":85}},"6":{"start":{"line":20,"column":68},"end":{"line":20,"column":85}}},"fnMap":{"0":{"name":"ClimbRating","decl":{"start":{"line":3,"column":24},"end":{"line":3,"column":35}},"loc":{"start":{"line":3,"column":60},"end":{"line":27,"column":1}},"line":3},"1":{"name":"(anonymous_1)","decl":{"start":{"line":6,"column":61},"end":{"line":6,"column":62}},"loc":{"start":{"line":6,"column":67},"end":{"line":6,"column":69}},"line":6},"2":{"name":"(anonymous_2)","decl":{"start":{"line":10,"column":27},"end":{"line":10,"column":28}},"loc":{"start":{"line":11,"column":8},"end":{"line":23,"column":15}},"line":11},"3":{"name":"(anonymous_3)","decl":{"start":{"line":16,"column":19},"end":{"line":16,"column":20}},"loc":{"start":{"line":16,"column":25},"end":{"line":16,"column":41}},"line":16},"4":{"name":"(anonymous_4)","decl":{"start":{"line":20,"column":21},"end":{"line":20,"column":22}},"loc":{"start":{"line":20,"column":26},"end":{"line":20,"column":87}},"line":20}},"branchMap":{"0":{"loc":{"start":{"line":3,"column":38},"end":{"line":3,"column":48}},"type":"default-arg","locations":[{"start":{"line":3,"column":47},"end":{"line":3,"column":48}}],"line":3},"1":{"loc":{"start":{"line":5,"column":21},"end":{"line":5,"column":90}},"type":"cond-expr","locations":[{"start":{"line":5,"column":80},"end":{"line":5,"column":86}},{"start":{"line":5,"column":89},"end":{"line":5,"column":90}}],"line":5},"2":{"loc":{"start":{"line":5,"column":21},"end":{"line":5,"column":77}},"type":"binary-expr","locations":[{"start":{"line":5,"column":21},"end":{"line":5,"column":47}},{"start":{"line":5,"column":51},"end":{"line":5,"column":62}},{"start":{"line":5,"column":66},"end":{"line":5,"column":77}}],"line":5},"3":{"loc":{"start":{"line":6,"column":21},"end":{"line":6,"column":69}},"type":"cond-expr","locations":[{"start":{"line":6,"column":52},"end":{"line":6,"column":58}},{"start":{"line":6,"column":61},"end":{"line":6,"column":69}}],"line":6},"4":{"loc":{"start":{"line":15,"column":45},"end":{"line":15,"column":84}},"type":"cond-expr","locations":[{"start":{"line":15,"column":66},"end":{"line":15,"column":75}},{"start":{"line":15,"column":78},"end":{"line":15,"column":84}}],"line":15},"5":{"loc":{"start":{"line":17,"column":37},"end":{"line":17,"column":56}},"type":"cond-expr","locations":[{"start":{"line":17,"column":48},"end":{"line":17,"column":51}},{"start":{"line":17,"column":54},"end":{"line":17,"column":56}}],"line":17},"6":{"loc":{"start":{"line":20,"column":28},"end":{"line":20,"column":85}},"type":"if","locations":[{"start":{"line":20,"column":28},"end":{"line":20,"column":85}},{"start":{},"end":{}}],"line":20},"7":{"loc":{"start":{"line":20,"column":32},"end":{"line":20,"column":66}},"type":"binary-expr","locations":[{"start":{"line":20,"column":32},"end":{"line":20,"column":49}},{"start":{"line":20,"column":53},"end":{"line":20,"column":66}}],"line":20}},"s":{"0":29,"1":29,"2":29,"3":145,"4":7,"5":3,"6":2},"f":{"0":29,"1":1,"2":145,"3":7,"4":3},"b":{"0":[0],"1":[28,1],"2":[29,28,28],"3":[28,1],"4":[49,96],"5":[116,29],"6":[2,1],"7":[3,2]},"_coverageSchema":"1a1c01bbd47fc00a2c39e90264f33305004495a9","hash":"8b34cdd7dabad6e795bbf80a0a6c76f6e63e2970"}
}
