TN:
SF:src\AddClimbForm.jsx
FN:3,AddClimbForm
FN:10,(anonymous_1)
FN:20,(anonymous_2)
FN:30,(anonymous_3)
FN:31,(anonymous_4)
FNF:5
FNH:4
FNDA:14,AddClimbForm
FNDA:3,(anonymous_1)
FNDA:0,(anonymous_2)
FNDA:3,(anonymous_3)
FNDA:1,(anonymous_4)
DA:4,14
DA:5,14
DA:6,14
DA:7,14
DA:8,14
DA:10,14
DA:11,3
DA:12,3
DA:13,3
DA:14,3
DA:15,3
DA:16,3
DA:17,2
DA:18,2
DA:19,2
DA:20,2
DA:22,1
DA:24,3
DA:28,14
DA:30,3
DA:31,1
LF:21
LH:21
BRDA:22,0,0,1
BRDA:22,0,1,0
BRDA:32,1,0,3
BRDA:32,1,1,11
BRDA:33,2,0,14
BRDA:33,2,1,3
BRDA:34,3,0,14
BRDA:34,3,1,2
BRDA:35,4,0,14
BRDA:35,4,1,1
BRF:10
BRH:9
end_of_record
TN:
SF:src\AddGymForm.jsx
FN:3,AddGymForm
FN:9,(anonymous_1)
FN:18,(anonymous_2)
FN:29,(anonymous_3)
FNF:4
FNH:3
FNDA:13,AddGymForm
FNDA:3,(anonymous_1)
FNDA:0,(anonymous_2)
FNDA:3,(anonymous_3)
DA:4,13
DA:5,13
DA:6,13
DA:7,13
DA:9,13
DA:10,3
DA:11,3
DA:12,3
DA:13,3
DA:14,3
DA:15,3
DA:16,2
DA:17,2
DA:18,2
DA:20,1
DA:22,3
DA:27,13
DA:29,3
LF:18
LH:18
BRDA:20,0,0,1
BRDA:20,0,1,0
BRDA:30,1,0,3
BRDA:30,1,1,10
BRDA:31,2,0,13
BRDA:31,2,1,3
BRDA:32,3,0,13
BRDA:32,3,1,2
BRDA:33,4,0,13
BRDA:33,4,1,1
BRF:10
BRH:9
end_of_record
TN:
SF:src\AscentLog.jsx
FN:11,AscentLog
FN:20,(anonymous_1)
FN:25,fetchAscents
FN:43,handleSubmit
FN:80,(anonymous_4)
FN:84,(anonymous_5)
FN:88,(anonymous_6)
FN:103,(anonymous_7)
FNF:8
FNH:7
FNDA:55,AscentLog
FNDA:15,(anonymous_1)
FNDA:17,fetchAscents
FNDA:2,handleSubmit
FNDA:3,(anonymous_4)
FNDA:0,(anonymous_5)
FNDA:2,(anonymous_6)
FNDA:3,(anonymous_7)
DA:12,55
DA:13,55
DA:14,55
DA:15,55
DA:16,55
DA:17,55
DA:18,55
DA:20,55
DA:21,15
DA:26,17
DA:27,17
DA:28,17
DA:29,17
DA:32,15
DA:33,14
DA:34,14
DA:37,3
DA:39,17
DA:44,2
DA:45,2
DA:46,2
DA:47,2
DA:48,2
DA:49,2
DA:57,2
DA:58,0
DA:59,0
DA:61,2
DA:62,2
DA:63,2
DA:64,2
DA:65,2
DA:68,0
DA:70,2
DA:74,55
DA:80,3
DA:84,0
DA:88,2
DA:104,3
DA:115,2
LF:40
LH:36
BRDA:21,0,0,15
BRDA:21,0,1,0
BRDA:32,1,0,1
BRDA:32,1,1,14
BRDA:57,2,0,0
BRDA:57,2,1,2
BRDA:59,3,0,0
BRDA:59,3,1,0
BRDA:94,4,0,55
BRDA:94,4,1,3
BRDA:95,5,0,55
BRDA:95,5,1,3
BRDA:97,6,0,20
BRDA:97,6,1,35
BRDA:99,7,0,32
BRDA:99,7,1,3
BRDA:105,8,0,3
BRDA:105,8,1,0
BRDA:106,9,0,3
BRDA:106,9,1,3
BRF:20
BRH:15
end_of_record
TN:
SF:src\AuthForm.jsx
FN:3,AuthForm
FN:12,(anonymous_1)
FN:26,(anonymous_2)
FN:37,(anonymous_3)
FN:58,(anonymous_4)
FN:68,(anonymous_5)
FN:78,(anonymous_6)
FNF:7
FNH:4
FNDA:15,AuthForm
FNDA:3,(anonymous_1)
FNDA:0,(anonymous_2)
FNDA:0,(anonymous_3)
FNDA:3,(anonymous_4)
FNDA:0,(anonymous_5)
FNDA:3,(anonymous_6)
DA:4,15
DA:5,15
DA:6,15
DA:7,15
DA:8,15
DA:9,15
DA:10,15
DA:12,15
DA:13,3
DA:14,3
DA:15,3
DA:16,3
DA:17,3
DA:19,3
DA:20,0
DA:25,0
DA:26,0
DA:27,0
DA:29,0
DA:31,3
DA:36,3
DA:37,2
DA:38,2
DA:40,1
DA:41,1
DA:42,1
DA:44,2
DA:46,3
DA:51,15
DA:58,3
DA:68,0
DA:78,3
LF:32
LH:26
BRDA:3,0,0,15
BRDA:19,1,0,0
BRDA:19,1,1,3
BRDA:25,2,0,0
BRDA:25,2,1,0
BRDA:27,3,0,0
BRDA:27,3,1,0
BRDA:36,4,0,2
BRDA:36,4,1,1
BRDA:38,5,0,2
BRDA:38,5,1,0
BRDA:44,6,0,0
BRDA:44,6,1,2
BRDA:44,7,0,2
BRDA:44,7,1,0
BRDA:53,8,0,0
BRDA:53,8,1,15
BRDA:62,9,0,15
BRDA:62,9,1,0
BRDA:83,10,0,3
BRDA:83,10,1,12
BRDA:83,11,0,0
BRDA:83,11,1,12
BRDA:85,12,0,15
BRDA:85,12,1,3
BRDA:86,13,0,15
BRDA:86,13,1,1
BRDA:87,14,0,15
BRDA:87,14,1,1
BRF:29
BRH:18
end_of_record
TN:
SF:src\ClimbComments.jsx
FN:3,ClimbComments
FN:11,(anonymous_1)
FN:25,(anonymous_2)
FN:30,(anonymous_3)
FN:55,(anonymous_4)
FN:81,(anonymous_5)
FN:86,(anonymous_6)
FN:101,(anonymous_7)
FNF:8
FNH:8
FNDA:52,ClimbComments
FNDA:21,(anonymous_1)
FNDA:19,(anonymous_2)
FNDA:2,(anonymous_3)
FNDA:1,(anonymous_4)
FNDA:4,(anonymous_5)
FNDA:1,(anonymous_6)
FNDA:2,(anonymous_7)
DA:4,52
DA:5,52
DA:6,52
DA:7,52
DA:8,52
DA:9,52
DA:11,52
DA:12,21
DA:13,21
DA:14,21
DA:15,21
DA:16,17
DA:17,16
DA:19,5
DA:21,21
DA:25,52
DA:26,19
DA:30,52
DA:31,2
DA:32,2
DA:33,2
DA:34,2
DA:35,2
DA:36,2
DA:44,2
DA:45,1
DA:46,1
DA:47,1
DA:49,1
DA:51,2
DA:55,52
DA:56,1
DA:57,1
DA:58,1
DA:59,1
DA:60,1
DA:64,1
DA:65,1
DA:66,1
DA:68,0
DA:72,52
DA:82,4
DA:86,1
DA:101,2
LF:44
LH:43
BRDA:16,0,0,1
BRDA:16,0,1,16
BRDA:40,1,0,2
BRDA:40,1,1,0
BRDA:44,2,0,1
BRDA:44,2,1,1
BRDA:44,3,0,1
BRDA:44,3,1,0
BRDA:56,4,0,0
BRDA:56,4,1,1
BRDA:62,5,0,1
BRDA:62,5,1,0
BRDA:64,6,0,0
BRDA:64,6,1,1
BRDA:64,7,0,0
BRDA:64,7,1,0
BRDA:75,8,0,27
BRDA:75,8,1,25
BRDA:79,9,0,25
BRDA:79,9,1,21
BRDA:85,10,0,4
BRDA:85,10,1,4
BRDA:85,10,2,4
BRDA:93,11,0,52
BRDA:93,11,1,6
BRDA:94,12,0,52
BRDA:94,12,1,2
BRDA:95,13,0,48
BRDA:95,13,1,4
BRDA:106,14,0,48
BRDA:106,14,1,46
BRDA:107,15,0,2
BRDA:107,15,1,46
BRF:33
BRH:26
end_of_record
TN:
SF:src\ClimbList.jsx
FN:6,ClimbList
FN:11,(anonymous_1)
FN:32,(anonymous_2)
FN:35,(anonymous_3)
FN:44,(anonymous_4)
FN:53,(anonymous_5)
FN:61,(anonymous_6)
FNF:7
FNH:4
FNDA:11,ClimbList
FNDA:2,(anonymous_1)
FNDA:0,(anonymous_2)
FNDA:0,(anonymous_3)
FNDA:22,(anonymous_4)
FNDA:2,(anonymous_5)
FNDA:0,(anonymous_6)
DA:7,11
DA:8,11
DA:9,11
DA:11,11
DA:12,2
DA:13,2
DA:14,2
DA:15,2
DA:16,2
DA:21,2
DA:22,1
DA:23,1
DA:24,1
DA:25,1
DA:27,1
DA:29,1
DA:30,1
DA:31,1
DA:32,1
DA:34,1
DA:35,1
DA:37,2
DA:42,11
DA:45,22
DA:53,2
DA:61,0
LF:26
LH:25
BRDA:18,0,0,2
BRDA:18,0,1,0
BRDA:21,1,0,1
BRDA:21,1,1,1
BRDA:25,2,0,1
BRDA:25,2,1,0
BRDA:25,3,0,1
BRDA:25,3,1,1
BRDA:30,4,0,1
BRDA:30,4,1,0
BRDA:34,5,0,1
BRDA:34,5,1,0
BRDA:47,6,0,22
BRDA:47,6,1,0
BRDA:47,6,2,0
BRDA:49,7,0,20
BRDA:49,7,1,2
BRDA:49,8,0,22
BRDA:49,8,1,20
BRDA:52,9,0,20
BRDA:52,9,1,10
BRDA:56,10,0,20
BRDA:56,10,1,2
BRDA:63,11,0,22
BRDA:63,11,1,20
BRDA:63,11,2,20
BRDA:70,12,0,11
BRDA:70,12,1,1
BRDA:71,13,0,11
BRDA:71,13,1,1
BRF:30
BRH:24
end_of_record
TN:
SF:src\ClimbRating.jsx
FN:3,ClimbRating
FN:6,(anonymous_1)
FN:10,(anonymous_2)
FN:16,(anonymous_3)
FN:20,(anonymous_4)
FNF:5
FNH:5
FNDA:29,ClimbRating
FNDA:1,(anonymous_1)
FNDA:145,(anonymous_2)
FNDA:7,(anonymous_3)
FNDA:3,(anonymous_4)
DA:5,29
DA:6,29
DA:8,29
DA:11,145
DA:16,7
DA:20,3
LF:6
LH:6
BRDA:3,0,0,0
BRDA:5,1,0,28
BRDA:5,1,1,1
BRDA:5,2,0,29
BRDA:5,2,1,28
BRDA:5,2,2,28
BRDA:6,3,0,28
BRDA:6,3,1,1
BRDA:15,4,0,49
BRDA:15,4,1,96
BRDA:17,5,0,116
BRDA:17,5,1,29
BRDA:20,6,0,2
BRDA:20,6,1,1
BRDA:20,7,0,3
BRDA:20,7,1,2
BRF:16
BRH:15
end_of_record
